2017-01-03 15:42:19,421 INFO [org.eclipse.jetty.server.Server] - jetty-9.2.10.v20150310
2017-01-03 15:42:20,920 WARN [org.eclipse.jetty.security.SecurityHandler] - ServletContext@o.e.j.w.WebAppContext@3d7820f{/,file:/E:/workspace/test/ruifios/WebContent/,STARTING}{WebContent} has uncovered http methods for path: /
2017-01-03 15:42:20,930 INFO [/] - Set web app root system property: 'ruifios.demo' = [E:\workspace\test\ruifios\WebContent]
2017-01-03 15:42:21,047 INFO [/] - Initializing Spring root WebApplicationContext
2017-01-03 15:42:27,066 INFO [/] - Initializing Spring FrameworkServlet 'springServlet'
2017-01-03 15:42:29,112 INFO [org.eclipse.jetty.server.handler.ContextHandler] - Started o.e.j.w.WebAppContext@3d7820f{/,file:/E:/workspace/test/ruifios/WebContent/,AVAILABLE}{WebContent}
2017-01-03 15:42:29,135 INFO [org.eclipse.jetty.server.ServerConnector] - Started ServerConnector@22a170a7{HTTP/1.1}{0.0.0.0:8888}
2017-01-03 15:42:29,446 INFO [org.eclipse.jetty.server.ServerConnector] - Started ServerConnector@430fe248{SSL-http/1.1}{0.0.0.0:8443}
2017-01-03 15:42:29,446 INFO [org.eclipse.jetty.server.Server] - Started @10685ms
eRetryDelay -> 1000, autoCommitOnClose -> false, automaticTestTable -> null, breakAfterAcquireFailure -> true, checkoutTimeout -> 3000, connectionCustomizerClassName -> null, connectionTesterClassName -> com.mchange.v2.c3p0.impl.DefaultConnectionTester, dataSourceName -> 1hge1359lrjo4ve1ul0hvq|66d7ba5b, debugUnreturnedConnectionStackTraces -> false, description -> null, driverClass -> com.mysql.jdbc.Driver, factoryClassLocation -> null, forceIgnoreUnresolvedTransactions -> false, identityToken -> 1hge1359lrjo4ve1ul0hvq|66d7ba5b, idleConnectionTestPeriod -> 60, initialPoolSize -> 2, jdbcUrl -> jdbc:mysql://127.0.0.1:3306/ruifios?serverTimezone=UTC&createDatabaseIfNotExist=true&useUnicode=true&characterEncoding=UTF-8, lastAcquisitionFailureDefaultUser -> null, maxAdministrativeTaskTime -> 0, maxConnectionAge -> 0, maxIdleTime -> 1800, maxIdleTimeExcessConnections -> 0, maxPoolSize -> 300, maxStatements -> 0, maxStatementsPerConnection -> 0, minPoolSize -> 30, numHelperThreads -> 3, numThreadsAwaitingCheckoutDefaultUser -> 0, preferredTestQuery -> null, properties -> {user=******, password=******}, propertyCycle -> 0, testConnectionOnCheckin -> false, testConnectionOnCheckout -> false, unreturnedConnectionTimeout -> 0, usesTraditionalReflectiveProxies -> false ]
2017-01-03 15:42:23,869 INFO [org.springframework.orm.jpa.LocalContainerEntityManagerFactoryBean] - Building JPA container EntityManagerFactory for persistence unit 'default'
2017-01-03 15:42:23,955 INFO [org.hibernate.jpa.internal.util.LogHelper] - HHH000204: Processing PersistenceUnitInfo [
	name: default
	...]
2017-01-03 15:42:24,119 INFO [org.hibernate.Version] - HHH000412: Hibernate Core {4.3.8.Final}
2017-01-03 15:42:24,124 INFO [org.hibernate.cfg.Environment] - HHH000206: hibernate.properties not found
2017-01-03 15:42:24,127 INFO [org.hibernate.cfg.Environment] - HHH000021: Bytecode provider name : javassist
2017-01-03 15:42:24,561 INFO [org.hibernate.annotations.common.Version] - HCANN000001: Hibernate Commons Annotations {4.0.5.Final}
2017-01-03 15:42:24,680 INFO [org.hibernate.dialect.Dialect] - HHH000400: Using dialect: org.hibernate.dialect.MySQL5InnoDBDialect
2017-01-03 15:42:24,695 INFO [org.hibernate.engine.jdbc.internal.LobCreatorBuilder] - HHH000424: Disabling contextual LOB creation as createClob() method threw error : java.lang.reflect.InvocationTargetException
2017-01-03 15:42:24,994 INFO [org.hibernate.hql.internal.ast.ASTQueryTranslatorFactory] - HHH000397: Using ASTQueryTranslatorFactory
2017-01-03 15:42:25,142 INFO [org.hibernate.validator.internal.util.Version] - HV000001: Hibernate Validator 5.2.4.Final
2017-01-03 15:42:25,585 WARN [org.hibernate.id.UUIDHexGenerator] - HHH000409: Using org.hibernate.id.UUIDHexGenerator which does not generate IETF RFC 4122 compliant UUID values; consider using org.hibernate.id.UUIDGenerator instead
2017-01-03 15:42:26,360 INFO [org.hibernate.dialect.Dialect] - HHH000400: Using dialect: org.hibernate.dialect.MySQLDialect
2017-01-03 15:42:26,361 INFO [org.hibernate.engine.jdbc.internal.LobCreatorBuilder] - HHH000424: Disabling contextual LOB creation as createClob() method threw error : java.lang.reflect.InvocationTargetException
2017-01-03 15:42:26,400 INFO [org.hibernate.engine.transaction.internal.TransactionFactoryInitiator] - HHH000399: Using default transaction strategy (direct JDBC transactions)
2017-01-03 15:42:26,401 INFO [org.hibernate.hql.internal.ast.ASTQueryTranslatorFactory] - HHH000397: Using ASTQueryTranslatorFactory
2017-01-03 15:42:26,517 INFO [org.hibernate.tool.hbm2ddl.SchemaUpdate] - HHH000228: Running hbm2ddl schema update
2017-01-03 15:42:26,517 INFO [org.hibernate.tool.hbm2ddl.SchemaUpdate] - HHH000102: Fetching database metadata
2017-01-03 15:42:26,526 INFO [org.hibernate.tool.hbm2ddl.SchemaUpdate] - HHH000396: Updating schema
2017-01-03 15:42:26,607 INFO [org.hibernate.tool.hbm2ddl.TableMetadata] - HHH000261: Table found: ruifios.t_idrecords
2017-01-03 15:42:26,607 INFO [org.hibernate.tool.hbm2ddl.TableMetadata] - HHH000037: Columns: [name, maxid]
2017-01-03 15:42:26,607 INFO [org.hibernate.tool.hbm2ddl.TableMetadata] - HHH000108: Foreign keys: []
2017-01-03 15:42:26,607 INFO [org.hibernate.tool.hbm2ddl.TableMetadata] - HHH000126: Indexes: []
2017-01-03 15:42:26,637 INFO [org.hibernate.tool.hbm2ddl.TableMetadata] - HHH000261: Table found: ruifios.t_salesrecord
2017-01-03 15:42:26,638 INFO [org.hibernate.tool.hbm2ddl.TableMetadata] - HHH000037: Columns: [consumerphone, number, commodityname, id, consumercard, invoiceno, sellingprice, subsidyprice, consumername, actualpayment, transferprice, merchantname, consumptiontime, originalcost]
2017-01-03 15:42:26,638 INFO [org.hibernate.tool.hbm2ddl.TableMetadata] - HHH000108: Foreign keys: []
2017-01-03 15:42:26,638 INFO [org.hibernate.tool.hbm2ddl.TableMetadata] - HHH000126: Indexes: [primary]
2017-01-03 15:42:26,669 INFO [org.hibernate.tool.hbm2ddl.TableMetadata] - HHH000261: Table found: ruifios.t_sys_logs
2017-01-03 15:42:26,670 INFO [org.hibernate.tool.hbm2ddl.TableMetadata] - HHH000037: Columns: [timestamp, id, result, username, sourceip, module, cause, timestamp_str, userid, action, msg]
2017-01-03 15:42:26,670 INFO [org.hibernate.tool.hbm2ddl.TableMetadata] - HHH000108: Foreign keys: []
2017-01-03 15:42:26,670 INFO [org.hibernate.tool.hbm2ddl.TableMetadata] - HHH000126: Indexes: [primary]
2017-01-03 15:42:26,710 INFO [org.hibernate.tool.hbm2ddl.TableMetadata] - HHH000261: Table found: ruifios.t_user
2017-01-03 15:42:26,710 INFO [org.hibernate.tool.hbm2ddl.TableMetadata] - HHH000037: Columns: [lockopentime, id, phone, lastlogintime, email, name, createdtime, role, realname, comment, password, timeout, mobile, islock]
2017-01-03 15:42:26,711 INFO [org.hibernate.tool.hbm2ddl.TableMetadata] - HHH000108: Foreign keys: []
2017-01-03 15:42:26,711 INFO [org.hibernate.tool.hbm2ddl.TableMetadata] - HHH000126: Indexes: [primary]
2017-01-03 15:42:26,744 INFO [org.hibernate.tool.hbm2ddl.TableMetadata] - HHH000261: Table found: ruifios.t_shopsinfo
2017-01-03 15:42:26,744 INFO [org.hibernate.tool.hbm2ddl.TableMetadata] - HHH000037: Columns: [id, name, levelcode]
2017-01-03 15:42:26,744 INFO [org.hibernate.tool.hbm2ddl.TableMetadata] - HHH000108: Foreign keys: []
2017-01-03 15:42:26,744 INFO [org.hibernate.tool.hbm2ddl.TableMetadata] - HHH000126: Indexes: [primary]
2017-01-03 15:42:26,776 INFO [org.hibernate.tool.hbm2ddl.TableMetadata] - HHH000261: Table found: ruifios.t_idrecords
2017-01-03 15:42:26,776 INFO [org.hibernate.tool.hbm2ddl.TableMetadata] - HHH000037: Columns: [name, maxid]
2017-01-03 15:42:26,776 INFO [org.hibernate.tool.hbm2ddl.TableMetadata] - HHH000108: Foreign keys: []
2017-01-03 15:42:26,776 INFO [org.hibernate.tool.hbm2ddl.TableMetadata] - HHH000126: Indexes: []
2017-01-03 15:42:26,777 INFO [org.hibernate.tool.hbm2ddl.SchemaUpdate] - HHH000232: Schema update complete
2017-01-03 15:42:26,807 INFO [com.ruifios.server.RuifiosEnv] - ApplicationContext ready !!!
2017-01-03 15:42:26,811 INFO [com.ruifios.server.RuifiosEnv] - ServletContext ready !!!
2017-01-03 15:42:27,074 INFO [org.springframework.beans.factory.xml.XmlBeanDefinitionReader] - Loading XML bean definitions from ServletContext resource [/WEB-INF/spring-mvc.xml]
2017-01-03 16:00:04,714 INFO [org.eclipse.jetty.util.log] - Logging initialized @460ms
2017-01-03 16:00:05,047 INFO [org.eclipse.jetty.server.Server] - jetty-9.2.10.v20150310
2017-01-03 16:00:06,626 WARN [org.eclipse.jetty.security.SecurityHandler] - ServletContext@o.e.j.w.WebAppContext@399ba8c1{/,file:/E:/workspace/test/ruifios/WebContent/,STARTING}{WebContent} has uncovered http methods for path: /
2017-01-03 16:00:06,636 INFO [/] - Set web app root system property: 'ruifios.demo' = [E:\workspace\test\ruifios\WebContent]
2017-01-03 16:00:06,740 INFO [/] - Initializing Spring root WebApplicationContext
2017-01-03 16:00:06,966 INFO [org.springframework.beans.factory.xml.XmlBeanDefinitionReader] - Loading XML bean definitions from class path resource [applicationContext.xml]
2017-01-03 16:00:08,954 INFO [com.mchange.v2.log.MLog] - MLog clients using log4j logging.
2017-01-03 16:00:09,271 INFO [com.mchange.v2.c3p0.C3P0Registry] - Initializing c3p0-0.9.1.1 [built 15-March-2007 01:32:31; debug? true; trace: 10]
2017-01-03 16:00:09,619 INFO [com.mchange.v2.c3p0.impl.AbstractPoolBackedDataSource] - Initializing c3p0 pool... com.mchange.v2.c3p0.ComboPooledDataSource [ acquireIncrement -> 5, acquireRetryAttempts -> 30, acquireRetryDelay -> 1000, autoCommitOnClose -> false, automaticTestTable -> null, breakAfterAcquireFailure -> true, checkoutTimeout -> 3000, connectionCustomizerClassName -> null, connectionTesterClassName -> com.mchange.v2.c3p0.impl.DefaultConnectionTester, dataSourceName -> 1hge1359lrkaztb1mjantd|534ddbc5, debugUnreturnedConnectionStackTraces -> false, description -> null, driverClass -> com.mysql.jdbc.Driver, factoryClassLocation -> null, forceIgnoreUnresolvedTransactions -> false, identityToken -> 1hge1359lrkaztb1mjantd|534ddbc5, idleConnectionTestPeriod -> 60, initialPoolSize -> 2, jdbcUrl -> jdbc:mysql://127.0.0.1:3306/ruifios?serverTimezone=UTC&createDatabaseIfNotExist=true&useUnicode=true&characterEncoding=UTF-8, lastAcquisitionFailureDefaultUser -> null, maxAdministrativeTaskTime -> 0, maxConnectionAge -> 0, maxIdleTime -> 1800, maxIdleTimeExcessConnections -> 0, maxPoolSize -> 300, maxStatements -> 0, maxStatementsPerConnection -> 0, minPoolSize -> 30, numHelperThreads -> 3, numThreadsAwaitingCheckoutDefaultUser -> 0, preferredTestQuery -> null, properties -> {user=******, password=******}, propertyCycle -> 0, testConnectionOnCheckin -> false, testConnectionOnCheckout -> false, unreturnedConnectionTimeout -> 0, usesTraditionalReflectiveProxies -> false ]
2017-01-03 16:00:10,667 INFO [org.springframework.orm.jpa.LocalContainerEntityManagerFactoryBean] - Building JPA container EntityManagerFactory for persistence unit 'default'
2017-01-03 16:00:10,785 INFO [org.hibernate.jpa.internal.util.LogHelper] - HHH000204: Processing PersistenceUnitInfo [
	name: default
	...]
2017-01-03 16:00:10,952 INFO [org.hibernate.Version] - HHH000412: Hibernate Core {4.3.8.Final}
2017-01-03 16:00:10,955 INFO [org.hibernate.cfg.Environment] - HHH000206: hibernate.properties not found
2017-01-03 16:00:10,959 INFO [org.hibernate.cfg.Environment] - HHH000021: Bytecode provider name : javassist
2017-01-03 16:00:11,412 INFO [org.hibernate.annotations.common.Version] - HCANN000001: Hibernate Commons Annotations {4.0.5.Final}
2017-01-03 16:00:11,515 INFO [org.hibernate.dialect.Dialect] - HHH000400: Using dialect: org.hibernate.dialect.MySQL5InnoDBDialect
2017-01-03 16:00:11,529 INFO [org.hibernate.engine.jdbc.internal.LobCreatorBuilder] - HHH000424: Disabling contextual LOB creation as createClob() method threw error : java.lang.reflect.InvocationTargetException
2017-01-03 16:00:11,932 INFO [org.hibernate.hql.internal.ast.ASTQueryTranslatorFactory] - HHH000397: Using ASTQueryTranslatorFactory
2017-01-03 16:00:12,026 INFO [org.hibernate.validator.internal.util.Version] - HV000001: Hibernate Validator 5.2.4.Final
2017-01-03 16:00:12,432 WARN [org.hibernate.id.UUIDHexGenerator] - HHH000409: Using org.hibernate.id.UUIDHexGenerator which does not generate IETF RFC 4122 compliant UUID values; consider using org.hibernate.id.UUIDGenerator instead
2017-01-03 16:00:13,331 INFO [org.hibernate.dialect.Dialect] - HHH000400: Using dialect: org.hibernate.dialect.MySQLDialect
2017-01-03 16:00:13,332 INFO [org.hibernate.engine.jdbc.internal.LobCreatorBuilder] - HHH000424: Disabling contextual LOB creation as createClob() method threw error : java.lang.reflect.InvocationTargetException
2017-01-03 16:00:13,364 INFO [org.hibernate.engine.transaction.internal.TransactionFactoryInitiator] - HHH000399: Using default transaction strategy (direct JDBC transactions)
2017-01-03 16:00:13,364 INFO [org.hibernate.hql.internal.ast.ASTQueryTranslatorFactory] - HHH000397: Using ASTQueryTranslatorFactory
2017-01-03 16:00:13,478 INFO [org.hibernate.tool.hbm2ddl.SchemaUpdate] - HHH000228: Running hbm2ddl schema update
2017-01-03 16:00:13,478 INFO [org.hibernate.tool.hbm2ddl.SchemaUpdate] - HHH000102: Fetching database metadata
2017-01-03 16:00:13,487 INFO [org.hibernate.tool.hbm2ddl.SchemaUpdate] - HHH000396: Updating schema
2017-01-03 16:00:13,551 INFO [org.hibernate.tool.hbm2ddl.TableMetadata] - HHH000261: Table found: ruifios.t_idrecords
2017-01-03 16:00:13,551 INFO [org.hibernate.tool.hbm2ddl.TableMetadata] - HHH000037: Columns: [name, maxid]
2017-01-03 16:00:13,551 INFO [org.hibernate.tool.hbm2ddl.TableMetadata] - HHH000108: Foreign keys: []
2017-01-03 16:00:13,552 INFO [org.hibernate.tool.hbm2ddl.TableMetadata] - HHH000126: Indexes: []
2017-01-03 16:00:13,581 INFO [org.hibernate.tool.hbm2ddl.TableMetadata] - HHH000261: Table found: ruifios.t_salesrecord
2017-01-03 16:00:13,581 INFO [org.hibernate.tool.hbm2ddl.TableMetadata] - HHH000037: Columns: [consumerphone, number, commodityname, id, consumercard, invoiceno, sellingprice, subsidyprice, consumername, actualpayment, transferprice, merchantname, consumptiontime, originalcost]
2017-01-03 16:00:13,582 INFO [org.hibernate.tool.hbm2ddl.TableMetadata] - HHH000108: Foreign keys: []
2017-01-03 16:00:13,582 INFO [org.hibernate.tool.hbm2ddl.TableMetadata] - HHH000126: Indexes: [primary]
2017-01-03 16:00:13,611 INFO [org.hibernate.tool.hbm2ddl.TableMetadata] - HHH000261: Table found: ruifios.t_sys_logs
2017-01-03 16:00:13,611 INFO [org.hibernate.tool.hbm2ddl.TableMetadata] - HHH000037: Columns: [timestamp, id, result, username, sourceip, module, cause, timestamp_str, userid, action, msg]
2017-01-03 16:00:13,612 INFO [org.hibernate.tool.hbm2ddl.TableMetadata] - HHH000108: Foreign keys: []
2017-01-03 16:00:13,612 INFO [org.hibernate.tool.hbm2ddl.TableMetadata] - HHH000126: Indexes: [primary]
2017-01-03 16:00:13,661 INFO [org.hibernate.tool.hbm2ddl.TableMetadata] - HHH000261: Table found: ruifios.t_user
2017-01-03 16:00:13,661 INFO [org.hibernate.tool.hbm2ddl.TableMetadata] - HHH000037: Columns: [lockopentime, id, phone, lastlogintime, email, name, createdtime, role, realname, comment, password, timeout, mobile, islock]
2017-01-03 16:00:13,662 INFO [org.hibernate.tool.hbm2ddl.TableMetadata] - HHH000108: Foreign keys: []
2017-01-03 16:00:13,662 INFO [org.hibernate.tool.hbm2ddl.TableMetadata] - HHH000126: Indexes: [primary]
2017-01-03 16:00:13,686 INFO [org.hibernate.tool.hbm2ddl.TableMetadata] - HHH000261: Table found: ruifios.t_shopsinfo
2017-01-03 16:00:13,686 INFO [org.hibernate.tool.hbm2ddl.TableMetadata] - HHH000037: Columns: [id, name, levelcode]
2017-01-03 16:00:13,686 INFO [org.hibernate.tool.hbm2ddl.TableMetadata] - HHH000108: Foreign keys: []
2017-01-03 16:00:13,686 INFO [org.hibernate.tool.hbm2ddl.TableMetadata] - HHH000126: Indexes: [primary]
2017-01-03 16:00:13,707 INFO [org.hibernate.tool.hbm2ddl.TableMetadata] - HHH000261: Table found: ruifios.t_idrecords
2017-01-03 16:00:13,707 INFO [org.hibernate.tool.hbm2ddl.TableMetadata] - HHH000037: Columns: [name, maxid]
2017-01-03 16:00:13,707 INFO [org.hibernate.tool.hbm2ddl.TableMetadata] - HHH000108: Foreign keys: []
2017-01-03 16:00:13,707 INFO [org.hibernate.tool.hbm2ddl.TableMetadata] - HHH000126: Indexes: []
2017-01-03 16:00:13,708 INFO [org.hibernate.tool.hbm2ddl.SchemaUpdate] - HHH000232: Schema update complete
2017-01-03 16:00:13,735 INFO [com.ruifios.server.RuifiosEnv] - ApplicationContext ready !!!
2017-01-03 16:00:13,738 INFO [com.ruifios.server.RuifiosEnv] - ServletContext ready !!!
2017-01-03 16:00:13,990 INFO [/] - Initializing Spring FrameworkServlet 'springServlet'
2017-01-03 16:00:13,997 INFO [org.springframework.beans.factory.xml.XmlBeanDefinitionReader] - Loading XML bean definitions from ServletContext resource [/WEB-INF/spring-mvc.xml]
2017-01-03 16:00:16,057 INFO [org.eclipse.jetty.server.handler.ContextHandler] - Started o.e.j.w.WebAppContext@399ba8c1{/,file:/E:/workspace/test/ruifios/WebContent/,AVAILABLE}{WebContent}
2017-01-03 16:00:16,082 INFO [org.eclipse.jetty.server.ServerConnector] - Started ServerConnector@61925133{HTTP/1.1}{0.0.0.0:8888}
2017-01-03 16:00:16,483 INFO [org.eclipse.jetty.server.ServerConnector] - Started ServerConnector@311496a4{SSL-http/1.1}{0.0.0.0:8443}
2017-01-03 16:00:16,483 INFO [org.eclipse.jetty.server.Server] - Started @12253ms
